Spika-Android-alok/app/manifest-merger-release-report.txt
-- Merging decision tree log ---
manifest
ADDED from AndroidManifest.xml:2:1
	xmlns:android
		ADDED from AndroidManifest.xml:2:11
	package
		ADDED from AndroidManifest.xml:3:5
		INJECTED from AndroidManifest.xml:0:0
		INJECTED from AndroidManifest.xml:0:0
	android:versionName
		ADDED from AndroidManifest.xml:5:5
	android:versionCode
		ADDED from AndroidManifest.xml:4:5
		INJECTED from AndroidManifest.xml:0:0
		INJECTED from AndroidManifest.xml:0:0
uses-sdk
ADDED from AndroidManifest.xml:7:5
MERGED from com.android.support:support-v4:21.0.3:15:5
MERGED from com.android.support:appcompat-v7:21.0.3:15:5
MERGED from com.android.support:support-v4:21.0.3:15:5
MERGED from com.android.support:cardview-v7:21.0.3:15:5
MERGED from com.android.support:recyclerview-v7:21.0.3:15:5
MERGED from com.android.support:support-v4:21.0.3:15:5
MERGED from com.android.support:palette-v7:21.0.3:15:5
MERGED from com.android.support:support-v4:21.0.3:15:5
MERGED from com.google.android.gms:play-services:6.5.87:18:5
MERGED from com.android.support:support-v4:21.0.3:15:5
MERGED from com.getbase:floatingactionbutton:1.3.0:8:5
MERGED from com.nhaarman.listviewanimations:lib-core:3.1.0:22:5
MERGED from com.nhaarman.listviewanimations:lib-manipulation:3.1.0:22:5
MERGED from com.nhaarman.listviewanimations:lib-core-slh:3.1.0:22:5
MERGED from se.emilsjolander:stickylistheaders:2.5.2:7:5
MERGED from com.github.siyamed:android-shape-imageview:0.9.2:8:5
	android:targetSdkVersion
		ADDED from AndroidManifest.xml:9:9
		INJECTED from AndroidManifest.xml:0:0
		INJECTED from AndroidManifest.xml:0:0
	android:minSdkVersion
		ADDED from AndroidManifest.xml:8:9
		INJECTED from AndroidManifest.xml:0:0
		INJECTED from AndroidManifest.xml:0:0
uses-feature#android.hardware.camera
ADDED from AndroidManifest.xml:11:5
	android:required
		ADDED from AndroidManifest.xml:13:9
	android:name
		ADDED from AndroidManifest.xml:12:9
uses-feature#android.hardware.camera.autofocus
ADDED from AndroidManifest.xml:14:5
	android:required
		ADDED from AndroidManifest.xml:16:9
	android:name
		ADDED from AndroidManifest.xml:15:9
uses-permission#android.permission.BLUETOOTH
ADDED from AndroidManifest.xml:18:5
	android:name
		ADDED from AndroidManifest.xml:18:22
uses-permission#android.permission.BLUETOOTH_ADMIN
ADDED from AndroidManifest.xml:19:5
	android:name
		ADDED from AndroidManifest.xml:19:22
uses-permission#android.permission.INTERNET
ADDED from AndroidManifest.xml:21:5
	android:name
		ADDED from AndroidManifest.xml:21:22
uses-permission#android.permission.CAMERA
ADDED from AndroidManifest.xml:22:5
	android:name
		ADDED from AndroidManifest.xml:22:22
uses-permission#android.permission.WRITE_EXTERNAL_STORAGE
ADDED from AndroidManifest.xml:23:5
	android:name
		ADDED from AndroidManifest.xml:23:22
uses-permission#android.permission.READ_EXTERNAL_STORAGE
ADDED from AndroidManifest.xml:24:5
	android:name
		ADDED from AndroidManifest.xml:24:22
uses-permission#android.permission.ACCESS_NETWORK_STATE
ADDED from AndroidManifest.xml:25:5
	android:name
		ADDED from AndroidManifest.xml:25:22
uses-permission#android.permission.ACCESS_COARSE_LOCATION
ADDED from AndroidManifest.xml:26:5
	android:name
		ADDED from AndroidManifest.xml:26:22
uses-permission#android.permission.ACCESS_FINE_LOCATION
ADDED from AndroidManifest.xml:27:5
	android:name
		ADDED from AndroidManifest.xml:27:22
uses-permission#android.permission.ACCESS_LOCATION_EXTRA_COMMANDS
ADDED from AndroidManifest.xml:28:5
	android:name
		ADDED from AndroidManifest.xml:28:22
uses-permission#android.permission.GET_TASKS
ADDED from AndroidManifest.xml:29:5
	android:name
		ADDED from AndroidManifest.xml:29:22
uses-permission#android.permission.RECORD_AUDIO
ADDED from AndroidManifest.xml:30:5
	android:name
		ADDED from AndroidManifest.xml:30:22
uses-permission#android.permission.VIBRATE
ADDED from AndroidManifest.xml:31:5
	android:name
		ADDED from AndroidManifest.xml:31:22
uses-permission#android.permission.READ_LOGS
ADDED from AndroidManifest.xml:32:5
	android:name
		ADDED from AndroidManifest.xml:32:22
uses-permission#android.permission.CLEAR_CACHE
ADDED from AndroidManifest.xml:33:5
	android:name
		ADDED from AndroidManifest.xml:33:22
uses-permission#com.google.android.providers.gsf.permission.READ_GSERVICES
ADDED from AndroidManifest.xml:34:5
	android:name
		ADDED from AndroidManifest.xml:34:22
permission#com.cloverstudio.togathor.permission.C2D_MESSAGE
ADDED from AndroidManifest.xml:36:5
	android:protectionLevel
		ADDED from AndroidManifest.xml:38:9
	android:name
		ADDED from AndroidManifest.xml:37:9
permission#com.cloverstudio.togathor.permission.MAPS_RECEIVE
ADDED from AndroidManifest.xml:39:5
	android:protectionLevel
		ADDED from AndroidManifest.xml:41:9
	android:name
		ADDED from AndroidManifest.xml:40:9
uses-permission#com.cloverstudio.togathor.permission.MAPS_RECEIVE
ADDED from AndroidManifest.xml:43:5
	android:name
		ADDED from AndroidManifest.xml:43:22
uses-permission#com.google.android.c2dm.permission.RECEIVE
ADDED from AndroidManifest.xml:46:5
	android:name
		ADDED from AndroidManifest.xml:46:22
uses-permission#android.permission.GET_ACCOUNTS
ADDED from AndroidManifest.xml:48:5
	android:name
		ADDED from AndroidManifest.xml:48:22
uses-permission#android.permission.WAKE_LOCK
ADDED from AndroidManifest.xml:50:5
	android:name
		ADDED from AndroidManifest.xml:50:22
android:uses-permission#android.permission.READ_PHONE_STATE
ADDED from AndroidManifest.xml:52:5
	android:name
		ADDED from AndroidManifest.xml:52:30
application
ADDED from AndroidManifest.xml:54:5
MERGED from com.android.support:support-v4:21.0.3:16:5
MERGED from com.android.support:appcompat-v7:21.0.3:16:5
MERGED from com.android.support:support-v4:21.0.3:16:5
MERGED from com.android.support:cardview-v7:21.0.3:16:5
MERGED from com.android.support:recyclerview-v7:21.0.3:17:5
MERGED from com.android.support:support-v4:21.0.3:16:5
MERGED from com.android.support:palette-v7:21.0.3:16:5
MERGED from com.android.support:support-v4:21.0.3:16:5
MERGED from com.google.android.gms:play-services:6.5.87:20:5
MERGED from com.android.support:support-v4:21.0.3:16:5
MERGED from com.getbase:floatingactionbutton:1.3.0:12:5
MERGED from com.nhaarman.listviewanimations:lib-core:3.1.0:26:5
MERGED from com.nhaarman.listviewanimations:lib-manipulation:3.1.0:26:5
MERGED from com.nhaarman.listviewanimations:lib-core-slh:3.1.0:26:5
	android:label
		ADDED from AndroidManifest.xml:58:9
	android:allowBackup
		ADDED from AndroidManifest.xml:56:9
	android:icon
		ADDED from AndroidManifest.xml:57:9
	android:theme
		ADDED from AndroidManifest.xml:60:9
	android:largeHeap
		ADDED from AndroidManifest.xml:59:9
	android:name
		ADDED from AndroidManifest.xml:55:9
meta-data#com.google.android.maps.v2.API_KEY
ADDED from AndroidManifest.xml:61:9
	android:name
		ADDED from AndroidManifest.xml:62:13
	android:value
		ADDED from AndroidManifest.xml:63:13
meta-data#com.google.android.gms.version
ADDED from AndroidManifest.xml:64:9
MERGED from com.google.android.gms:play-services:6.5.87:21:9
	android:name
		ADDED from AndroidManifest.xml:65:13
	android:value
		ADDED from AndroidManifest.xml:66:13
activity#com.cloverstudio.togathor.SplashScreenActivity
ADDED from AndroidManifest.xml:68:9
	android:screenOrientation
		ADDED from AndroidManifest.xml:71:13
	android:label
		ADDED from AndroidManifest.xml:70:13
	android:name
		ADDED from AndroidManifest.xml:69:13
intent-filter#android.intent.action.MAIN+android.intent.category.LAUNCHER
ADDED from AndroidManifest.xml:72:13
action#android.intent.action.MAIN
ADDED from AndroidManifest.xml:73:17
	android:name
		ADDED from AndroidManifest.xml:73:25
category#android.intent.category.LAUNCHER
ADDED from AndroidManifest.xml:75:17
	android:name
		ADDED from AndroidManifest.xml:75:27
intent-filter#android.intent.action.VIEW+android.intent.category.BROWSABLE+android.intent.category.DEFAULT
ADDED from AndroidManifest.xml:77:13
data
ADDED from AndroidManifest.xml:78:17
	android:host
		ADDED from AndroidManifest.xml:79:21
	android:scheme
		ADDED from AndroidManifest.xml:80:21
action#android.intent.action.VIEW
ADDED from AndroidManifest.xml:82:17
	android:name
		ADDED from AndroidManifest.xml:82:25
category#android.intent.category.DEFAULT
ADDED from AndroidManifest.xml:84:17
	android:name
		ADDED from AndroidManifest.xml:84:27
category#android.intent.category.BROWSABLE
ADDED from AndroidManifest.xml:85:17
	android:name
		ADDED from AndroidManifest.xml:85:27
activity#com.cloverstudio.togathor.SignInActivity
ADDED from AndroidManifest.xml:98:9
	android:screenOrientation
		ADDED from AndroidManifest.xml:102:13
	android:label
		ADDED from AndroidManifest.xml:100:13
	android:name
		ADDED from AndroidManifest.xml:99:13
	android:launchMode
		ADDED from AndroidManifest.xml:101:13
activity#com.cloverstudio.togathor.WallActivity
ADDED from AndroidManifest.xml:104:9
	android:windowSoftInputMode
		ADDED from AndroidManifest.xml:108:13
	android:screenOrientation
		ADDED from AndroidManifest.xml:107:13
	android:name
		ADDED from AndroidManifest.xml:105:13
	android:launchMode
		ADDED from AndroidManifest.xml:106:13
activity#com.cloverstudio.togathor.extendables.SideBarActivity
ADDED from AndroidManifest.xml:110:9
	android:screenOrientation
		ADDED from AndroidManifest.xml:112:13
	android:name
		ADDED from AndroidManifest.xml:111:13
activity#com.cloverstudio.togathor.extendables.HookUpActivity
ADDED from AndroidManifest.xml:114:9
	android:screenOrientation
		ADDED from AndroidManifest.xml:116:13
	android:name
		ADDED from AndroidManifest.xml:115:13
activity#com.cloverstudio.togathor.extendables.HookUpFragmentActivity
ADDED from AndroidManifest.xml:118:9
	android:screenOrientation
		ADDED from AndroidManifest.xml:120:13
	android:name
		ADDED from AndroidManifest.xml:119:13
activity#com.cloverstudio.togathor.PasscodeActivity
ADDED from AndroidManifest.xml:122:9
	android:screenOrientation
		ADDED from AndroidManifest.xml:125:13
	android:name
		ADDED from AndroidManifest.xml:123:13
	android:launchMode
		ADDED from AndroidManifest.xml:124:13
activity#com.cloverstudio.togathor.UsersActivity
ADDED from AndroidManifest.xml:127:9
	android:screenOrientation
		ADDED from AndroidManifest.xml:130:13
	android:name
		ADDED from AndroidManifest.xml:128:13
	android:launchMode
		ADDED from AndroidManifest.xml:129:13
activity#com.cloverstudio.togathor.GroupsActivity
ADDED from AndroidManifest.xml:132:9
	android:screenOrientation
		ADDED from AndroidManifest.xml:135:13
	android:name
		ADDED from AndroidManifest.xml:133:13
	android:launchMode
		ADDED from AndroidManifest.xml:134:13
activity#com.cloverstudio.togathor.PhotoActivity
ADDED from AndroidManifest.xml:137:9
	android:screenOrientation
		ADDED from AndroidManifest.xml:140:13
	android:name
		ADDED from AndroidManifest.xml:138:13
	android:launchMode
		ADDED from AndroidManifest.xml:139:13
activity#com.cloverstudio.togathor.CreateGroupActivity
ADDED from AndroidManifest.xml:142:9
	android:screenOrientation
		ADDED from AndroidManifest.xml:145:13
	android:name
		ADDED from AndroidManifest.xml:143:13
	android:launchMode
		ADDED from AndroidManifest.xml:144:13
activity#com.cloverstudio.togathor.ImageCropActivity
ADDED from AndroidManifest.xml:147:9
	android:screenOrientation
		ADDED from AndroidManifest.xml:149:13
	android:name
		ADDED from AndroidManifest.xml:148:13
activity#com.cloverstudio.togathor.MyProfileActivity
ADDED from AndroidManifest.xml:151:9
	android:screenOrientation
		ADDED from AndroidManifest.xml:154:13
	android:name
		ADDED from AndroidManifest.xml:152:13
	android:launchMode
		ADDED from AndroidManifest.xml:153:13
activity#com.cloverstudio.togathor.UserProfileActivity
ADDED from AndroidManifest.xml:156:9
	android:screenOrientation
		ADDED from AndroidManifest.xml:159:13
	android:name
		ADDED from AndroidManifest.xml:157:13
	android:launchMode
		ADDED from AndroidManifest.xml:158:13
activity#com.cloverstudio.togathor.GroupProfileActivity
ADDED from AndroidManifest.xml:161:9
	android:screenOrientation
		ADDED from AndroidManifest.xml:164:13
	android:name
		ADDED from AndroidManifest.xml:162:13
	android:launchMode
		ADDED from AndroidManifest.xml:163:13
activity#com.cloverstudio.togathor.MembersActivity
ADDED from AndroidManifest.xml:166:9
	android:screenOrientation
		ADDED from AndroidManifest.xml:169:13
	android:name
		ADDED from AndroidManifest.xml:167:13
	android:launchMode
		ADDED from AndroidManifest.xml:168:13
activity#com.cloverstudio.togathor.LocationActivity
ADDED from AndroidManifest.xml:171:9
	android:screenOrientation
		ADDED from AndroidManifest.xml:174:13
	android:name
		ADDED from AndroidManifest.xml:172:13
	android:launchMode
		ADDED from AndroidManifest.xml:173:13
activity#com.cloverstudio.togathor.RecordingActivity
ADDED from AndroidManifest.xml:176:9
	android:screenOrientation
		ADDED from AndroidManifest.xml:179:13
	android:name
		ADDED from AndroidManifest.xml:177:13
	android:launchMode
		ADDED from AndroidManifest.xml:178:13
activity#com.cloverstudio.togathor.VoiceActivity
ADDED from AndroidManifest.xml:181:9
	android:screenOrientation
		ADDED from AndroidManifest.xml:184:13
	android:name
		ADDED from AndroidManifest.xml:182:13
	android:launchMode
		ADDED from AndroidManifest.xml:183:13
activity#com.cloverstudio.togathor.InformationActivity
ADDED from AndroidManifest.xml:186:9
	android:screenOrientation
		ADDED from AndroidManifest.xml:189:13
	android:name
		ADDED from AndroidManifest.xml:187:13
	android:launchMode
		ADDED from AndroidManifest.xml:188:13
activity#com.cloverstudio.togathor.SettingsActivity
ADDED from AndroidManifest.xml:191:9
	android:screenOrientation
		ADDED from AndroidManifest.xml:194:13
	android:name
		ADDED from AndroidManifest.xml:192:13
	android:launchMode
		ADDED from AndroidManifest.xml:193:13
activity#com.cloverstudio.togathor.VideoActivity
ADDED from AndroidManifest.xml:196:9
	android:screenOrientation
		ADDED from AndroidManifest.xml:200:13
	android:configChanges
		ADDED from AndroidManifest.xml:198:13
	android:name
		ADDED from AndroidManifest.xml:197:13
	android:launchMode
		ADDED from AndroidManifest.xml:199:13
activity#com.cloverstudio.togathor.RecordingVideoActivity
ADDED from AndroidManifest.xml:202:9
	android:screenOrientation
		ADDED from AndroidManifest.xml:205:13
	android:configChanges
		ADDED from AndroidManifest.xml:204:13
	android:name
		ADDED from AndroidManifest.xml:203:13
activity#com.cloverstudio.togathor.RecentActivityActivity
ADDED from AndroidManifest.xml:207:9
	android:windowSoftInputMode
		ADDED from AndroidManifest.xml:211:13
	android:screenOrientation
		ADDED from AndroidManifest.xml:210:13
	android:name
		ADDED from AndroidManifest.xml:208:13
	android:launchMode
		ADDED from AndroidManifest.xml:209:13
activity#com.cloverstudio.togathor.HomeActivity
ADDED from AndroidManifest.xml:213:9
	android:windowSoftInputMode
		ADDED from AndroidManifest.xml:217:13
	android:screenOrientation
		ADDED from AndroidManifest.xml:216:13
	android:name
		ADDED from AndroidManifest.xml:214:13
	android:launchMode
		ADDED from AndroidManifest.xml:215:13
activity#com.cloverstudio.togathor.dialog.Tutorial
ADDED from AndroidManifest.xml:219:9
	android:screenOrientation
		ADDED from AndroidManifest.xml:221:13
	android:theme
		ADDED from AndroidManifest.xml:222:13
	android:name
		ADDED from AndroidManifest.xml:220:13
activity#com.cloverstudio.togathor.ServersListActivity
ADDED from AndroidManifest.xml:224:9
	android:windowSoftInputMode
		ADDED from AndroidManifest.xml:228:13
	android:screenOrientation
		ADDED from AndroidManifest.xml:227:13
	android:label
		ADDED from AndroidManifest.xml:226:13
	android:name
		ADDED from AndroidManifest.xml:225:13
service#com.cloverstudio.togathor.GCMIntentService
ADDED from AndroidManifest.xml:231:9
	android:name
		ADDED from AndroidManifest.xml:231:18
receiver#com.cloverstudio.togathor.GCMReceiver
ADDED from AndroidManifest.xml:233:9
	android:permission
		ADDED from AndroidManifest.xml:235:13
	android:name
		ADDED from AndroidManifest.xml:234:13
intent-filter#com.cloverstudio.togathor+com.google.android.c2dm.intent.RECEIVE+com.google.android.c2dm.intent.REGISTRATION
ADDED from AndroidManifest.xml:236:13
action#com.google.android.c2dm.intent.RECEIVE
ADDED from AndroidManifest.xml:237:17
	android:name
		ADDED from AndroidManifest.xml:237:25
action#com.google.android.c2dm.intent.REGISTRATION
ADDED from AndroidManifest.xml:238:17
	android:name
		ADDED from AndroidManifest.xml:238:25
category#com.cloverstudio.togathor
ADDED from AndroidManifest.xml:240:17
	android:name
		ADDED from AndroidManifest.xml:240:27
receiver#com.cloverstudio.togathor.management.ConnectionChangeReceiver
ADDED from AndroidManifest.xml:243:9
	android:name
		ADDED from AndroidManifest.xml:243:19
intent-filter#android.net.ConnectivityManager.CONNECTIVITY_ACTION+android.net.conn.CONNECTIVITY_CHANGE
ADDED from AndroidManifest.xml:244:13
action#android.net.conn.CONNECTIVITY_CHANGE
ADDED from AndroidManifest.xml:245:17
	android:name
		ADDED from AndroidManifest.xml:245:25
action#android.net.ConnectivityManager.CONNECTIVITY_ACTION
ADDED from AndroidManifest.xml:246:17
	android:name
		ADDED from AndroidManifest.xml:246:25
receiver#com.cloverstudio.togathor.management.LogoutReceiver
ADDED from AndroidManifest.xml:249:9
	android:name
		ADDED from AndroidManifest.xml:249:19
intent-filter#.management.LogoutReceiver.LOGOUT
ADDED from AndroidManifest.xml:250:13
action#.management.LogoutReceiver.LOGOUT
ADDED from AndroidManifest.xml:251:17
	android:name
		ADDED from AndroidManifest.xml:251:25
activity#com.cloverstudio.togathor.DeviceListActivity
ADDED from AndroidManifest.xml:256:9
	android:label
		ADDED from AndroidManifest.xml:258:13
	android:name
		ADDED from AndroidManifest.xml:257:13
activity#android.support.v7.widget.TestActivity
ADDED from com.android.support:recyclerview-v7:21.0.3:18:9
	android:label
		ADDED from com.android.support:recyclerview-v7:21.0.3:18:19
	android:name
		ADDED from com.android.support:recyclerview-v7:21.0.3:18:60
activity#com.nhaarman.listviewanimations.itemmanipulation.swipedismiss.SwipeTouchListenerTestActivity
ADDED from com.nhaarman.listviewanimations:lib-manipulation:3.1.0:27:9
	android:name
		ADDED from com.nhaarman.listviewanimations:lib-manipulation:3.1.0:27:19
activity#com.nhaarman.listviewanimations.itemmanipulation.dragdrop.DynamicListViewTestActivity
ADDED from com.nhaarman.listviewanimations:lib-manipulation:3.1.0:28:9
	android:name
		ADDED from com.nhaarman.listviewanimations:lib-manipulation:3.1.0:28:19